This is pdfTeX, Version 3.141592653-2.6-1.40.25 (TeX Live 2023/Debian) (preloaded format=latex 2026.4.30)  19 MAY 2026 15:58
entering extended mode
 restricted \write18 enabled.
 %&-line parsing enabled.
**main.tex
(./main.tex
LaTeX2e <2023-11-01> patch level 1
L3 programming layer <2024-01-22>
(/home/hnakai/texmf/tex/luatex/luatexja/ltjsarticle.cls
Document Class: ltjsarticle 2022/09/12 ltjsclasses 
(/home/hnakai/texmf/tex/luatex/luatexja/luatexja.sty
Package: luatexja 2024-02-19 Japanese Typesetting with Lua(La)TeX

(/home/hnakai/texmf/tex/luatex/luatexja/luatexja-core.sty
Package: luatexja-core 2023-04-06 Core of LuaTeX-ja

(/home/hnakai/texmf/tex/generic/infwarerr/infwarerr.sty
Package: infwarerr 2019/12/03 v1.5 Providing info/warning/error messages (HO)
)

! Package luatexja-core Error: This package requires Lua(HB)(La)TeX.

See the luatexja-core package documentation for explanation.
Type  H <return>  for immediate help.
 ...                                              
                                                  
l.79 ...e}{This package requires Lua(HB)(La)TeX}{}
                                                  
? 
! Emergency stop.
 ...                                              
                                                  
l.79 ...e}{This package requires Lua(HB)(La)TeX}{}
                                                  
End of file on the terminal!

 
Here is how much of TeX's memory you used:
 111 strings out of 475663
 2843 string characters out of 5784468
 1922972 words of memory out of 5000000
 22346 multiletter control sequences out of 15000+600000
 558069 words of font info for 36 fonts, out of 8000000 for 9000
 264 hyphenation exceptions out of 8191
 72i,0n,79p,209b,17s stack positions out of 10000i,1000n,20000p,200000b,200000s
No pages of output.
